TN:
SF:src/factory/TemplateFactory.sol
DA:21,1
FN:21,TemplateFactory.mineStablecoinSalt
FNDA:1,TemplateFactory.mineStablecoinSalt
DA:26,1
DA:31,1
FN:31,TemplateFactory.mineRWASalt
FNDA:1,TemplateFactory.mineRWASalt
DA:36,1
DA:41,1
FN:41,TemplateFactory.mineLongTailSalt
FNDA:1,TemplateFactory.mineLongTailSalt
DA:46,1
DA:51,1
FN:51,TemplateFactory.deployStablecoin
FNDA:1,TemplateFactory.deployStablecoin
DA:55,1
DA:56,1
DA:59,1
FN:59,TemplateFactory.deployRWA
FNDA:1,TemplateFactory.deployRWA
DA:63,1
DA:64,1
DA:67,1
FN:67,TemplateFactory.deployLongTail
FNDA:1,TemplateFactory.deployLongTail
DA:71,1
DA:72,1
FNF:6
FNH:6
LF:15
LH:15
BRF:0
BRH:0
end_of_record
TN:
SF:src/framework/BaseTemplateHook.sol
DA:48,11
FN:48,BaseTemplateHook.onlyAdmin
FNDA:11,BaseTemplateHook.onlyAdmin
DA:49,11
BRDA:49,0,0,-
DA:53,941
FN:53,BaseTemplateHook.nonReentrantHook
FNDA:941,BaseTemplateHook.nonReentrantHook
DA:54,941
BRDA:54,1,0,-
DA:55,941
DA:57,671
DA:60,51
FN:60,BaseTemplateHook.constructor
FNDA:51,BaseTemplateHook.constructor
DA:63,50
BRDA:63,2,0,-
DA:64,50
DA:66,50
DA:67,50
DA:70,1
FN:70,BaseTemplateHook.templateId
FNDA:1,BaseTemplateHook.templateId
DA:71,1
DA:74,1
FN:74,BaseTemplateHook.setAdmin
FNDA:1,BaseTemplateHook.setAdmin
DA:75,1
BRDA:75,3,0,-
DA:76,1
DA:79,4
FN:79,BaseTemplateHook.scheduleBaseConfigUpdate
FNDA:4,BaseTemplateHook.scheduleBaseConfigUpdate
DA:80,4
DA:81,4
DA:82,4
DA:85,3
FN:85,BaseTemplateHook.applyBaseConfigUpdate
FNDA:3,BaseTemplateHook.applyBaseConfigUpdate
DA:86,3
DA:87,3
DA:88,3
DA:89,1
DA:90,1
DA:93,1
FN:93,BaseTemplateHook.cancelStagedConfig
FNDA:1,BaseTemplateHook.cancelStagedConfig
DA:100,51
FN:100,BaseTemplateHook.getHookPermissions
FNDA:51,BaseTemplateHook.getHookPermissions
DA:101,51
DA:119,48
FN:119,BaseTemplateHook._afterInitialize
FNDA:48,BaseTemplateHook._afterInitialize
DA:125,48
DA:126,48
BRDA:126,4,0,47
BRDA:126,4,1,-
DA:127,47
DA:128,1
BRDA:128,5,0,1
DA:129,1
DA:132,47
DA:135,418
FN:135,BaseTemplateHook._validateBaseConfig
FNDA:418,BaseTemplateHook._validateBaseConfig
DA:136,418
BRDA:136,6,0,-
DA:137,418
BRDA:137,7,0,-
DA:138,418
BRDA:138,8,0,-
DA:139,418
BRDA:139,9,0,-
DA:142,1611
FN:142,BaseTemplateHook._assertSupportedPool
FNDA:1611,BaseTemplateHook._assertSupportedPool
DA:143,1611
DA:144,1611
DA:145,1611
BRDA:145,10,0,1
DA:146,1
DA:150,941
FN:150,BaseTemplateHook._sharedBeforeSwap
FNDA:941,BaseTemplateHook._sharedBeforeSwap
DA:154,941
DA:155,940
DA:157,940
DA:158,682
DA:161,681
DA:164,670
FN:164,BaseTemplateHook._sharedAfterSwap
FNDA:670,BaseTemplateHook._sharedAfterSwap
DA:165,670
DA:168,281
FN:168,BaseTemplateHook._readCurrentTick
FNDA:281,BaseTemplateHook._readCurrentTick
DA:169,281
DA:172,671
FN:172,BaseTemplateHook._lpFeeOverride
FNDA:671,BaseTemplateHook._lpFeeOverride
DA:173,671
DA:174,671
DA:177,253
FN:177,BaseTemplateHook._emitFeeUpdate
FNDA:253,BaseTemplateHook._emitFeeUpdate
DA:178,253
DA:181,134
FN:181,BaseTemplateHook._emitModeTransition
FNDA:134,BaseTemplateHook._emitModeTransition
DA:182,134
DA:185,7
FN:185,BaseTemplateHook._emitGuard
FNDA:7,BaseTemplateHook._emitGuard
DA:186,7
DA:189,4
FN:189,BaseTemplateHook._stageBaseConfigHash
FNDA:4,BaseTemplateHook._stageBaseConfigHash
DA:190,4
DA:191,4
DA:194,3
FN:194,BaseTemplateHook._consumeStagedBaseConfigHash
FNDA:3,BaseTemplateHook._consumeStagedBaseConfigHash
DA:195,3
BRDA:195,11,0,1
DA:196,1
DA:198,2
BRDA:198,12,0,1
DA:199,1
DA:206,26
FN:206,BaseTemplateHook._stageTemplateConfigHash
FNDA:26,BaseTemplateHook._stageTemplateConfigHash
DA:207,26
DA:208,26
DA:211,25
FN:211,BaseTemplateHook._consumeStagedTemplateConfigHash
FNDA:25,BaseTemplateHook._consumeStagedTemplateConfigHash
DA:212,25
BRDA:212,13,0,1
DA:213,1
DA:215,24
BRDA:215,14,0,1
DA:216,1
DA:223,269
FN:223,BaseTemplateHook._revertGuard
FNDA:269,BaseTemplateHook._revertGuard
DA:224,269
FNF:24
FNH:24
LF:83
LH:83
BRF:16
BRH:7
end_of_record
TN:
SF:src/framework/TemplateGuards.sol
DA:7,940
FN:7,TemplateGuards.abs
FNDA:940,TemplateGuards.abs
DA:8,940
BRDA:8,0,0,2
DA:9,938
DA:12,682
FN:12,TemplateGuards.enforceRateLimit
FNDA:682,TemplateGuards.enforceRateLimit
DA:19,682
BRDA:19,1,0,682
DA:21,682
BRDA:21,2,0,668
DA:22,668
DA:23,668
DA:26,682
BRDA:26,3,0,1
DA:27,1
DA:31,681
DA:35,681
FN:35,TemplateGuards.enforceCooldown
FNDA:681,TemplateGuards.enforceCooldown
DA:41,681
BRDA:41,4,0,681
DA:43,1
BRDA:43,5,0,1
DA:44,1
DA:48,940
FN:48,TemplateGuards.enforceMaxTradeSize
FNDA:940,TemplateGuards.enforceMaxTradeSize
DA:54,940
BRDA:54,6,0,940
DA:55,940
BRDA:55,7,0,258
DA:56,258
DA:60,670
FN:60,TemplateGuards.updateAfterSwap
FNDA:670,TemplateGuards.updateAfterSwap
DA:61,670
DA:62,670
DA:64,670
BRDA:64,8,0,139
BRDA:64,8,1,531
DA:65,139
DA:67,531
DA:68,531
DA:72,15
FN:72,TemplateGuards.currentSecondsOfDay
FNDA:15,TemplateGuards.currentSecondsOfDay
DA:73,15
DA:76,15
FN:76,TemplateGuards.inSession
FNDA:15,TemplateGuards.inSession
DA:77,15
DA:79,15
BRDA:79,9,0,-
DA:80,15
BRDA:80,10,0,14
DA:81,14
DA:85,1
FNF:7
FNH:7
LF:34
LH:34
BRF:12
BRH:11
end_of_record
TN:
SF:src/hooks/LongTailTemplateHook.sol
DA:39,8
FN:39,LongTailTemplateHook.constructor
FNDA:8,LongTailTemplateHook.constructor
DA:42,8
DA:44,8
DA:45,8
DA:46,8
DA:47,8
DA:50,5
FN:50,LongTailTemplateHook.scheduleTemplateConfigUpdate
FNDA:5,LongTailTemplateHook.scheduleTemplateConfigUpdate
DA:51,5
DA:52,4
DA:55,4
FN:55,LongTailTemplateHook.applyTemplateConfigUpdate
FNDA:4,LongTailTemplateHook.applyTemplateConfigUpdate
DA:56,4
DA:57,4
DA:58,4
DA:60,4
DA:61,4
DA:63,4
DA:66,395
FN:66,LongTailTemplateHook._beforeSwap
FNDA:395,LongTailTemplateHook._beforeSwap
DA:72,395
DA:74,395
DA:75,264
BRDA:75,0,0,264
DA:76,264
DA:77,264
BRDA:77,1,0,1
DA:78,1
DA:81,263
BRDA:81,2,0,263
DA:82,263
DA:83,263
DA:84,263
BRDA:84,3,0,1
DA:85,1
DA:89,262
DA:92,393
BRDA:92,4,0,247
DA:93,247
DA:94,247
DA:97,393
DA:100,393
FN:100,LongTailTemplateHook._afterSwap
FNDA:393,LongTailTemplateHook._afterSwap
DA:106,393
DA:107,393
DA:109,393
BRDA:109,5,0,134
DA:110,134
DA:111,134
DA:112,134
BRDA:112,6,0,1
DA:113,1
DA:114,1
DA:118,393
DA:121,17
FN:121,LongTailTemplateHook._validateTemplateConfig
FNDA:17,LongTailTemplateHook._validateTemplateConfig
DA:122,17
DA:124,17
BRDA:124,7,0,-
DA:125,17
BRDA:125,8,0,-
DA:126,17
BRDA:126,9,0,1
DA:127,1
DA:129,16
BRDA:129,10,0,-
DA:130,16
BRDA:130,11,0,-
DA:132,16
DA:133,16
DA:136,262
FN:136,LongTailTemplateHook._shouldTransitionToNormal
FNDA:262,LongTailTemplateHook._shouldTransitionToNormal
DA:137,262
DA:138,262
DA:139,262
DA:142,262
FN:142,LongTailTemplateHook._currentLaunchFee
FNDA:262,LongTailTemplateHook._currentLaunchFee
DA:143,262
DA:144,262
BRDA:144,12,0,133
DA:146,129
DA:147,129
DA:148,129
DA:151,264
FN:151,LongTailTemplateHook._currentLaunchMaxTrade
FNDA:264,LongTailTemplateHook._currentLaunchMaxTrade
DA:152,264
DA:153,264
BRDA:153,13,0,133
DA:155,131
DA:156,131
DA:157,131
DA:160,393
FN:160,LongTailTemplateHook._absSpecified
FNDA:393,LongTailTemplateHook._absSpecified
DA:161,393
DA:164,386
FN:164,LongTailTemplateHook._templateId
FNDA:386,LongTailTemplateHook._templateId
DA:165,386
FNF:11
FNH:11
LF:73
LH:73
BRF:14
BRH:10
end_of_record
TN:
SF:src/hooks/RWATemplateHook.sol
DA:38,11
FN:38,RWATemplateHook.constructor
FNDA:11,RWATemplateHook.constructor
DA:41,11
DA:43,11
DA:44,11
DA:45,11
DA:48,9
FN:48,RWATemplateHook.setAllowlist
FNDA:9,RWATemplateHook.setAllowlist
DA:49,8
DA:50,8
DA:51,8
DA:55,7
FN:55,RWATemplateHook.scheduleTemplateConfigUpdate
FNDA:7,RWATemplateHook.scheduleTemplateConfigUpdate
DA:56,7
DA:57,7
DA:60,7
FN:60,RWATemplateHook.applyTemplateConfigUpdate
FNDA:7,RWATemplateHook.applyTemplateConfigUpdate
DA:61,7
DA:62,7
DA:63,7
DA:65,7
DA:66,7
DA:68,7
DA:71,15
FN:71,RWATemplateHook._beforeSwap
FNDA:15,RWATemplateHook._beforeSwap
DA:77,15
DA:79,15
BRDA:79,0,0,2
DA:80,2
DA:85,13
BRDA:85,1,0,2
DA:86,2
DA:89,11
DA:90,11
BRDA:90,2,0,2
DA:91,2
DA:95,9
DA:96,9
BRDA:96,3,0,-
DA:97,0
DA:100,9
BRDA:100,4,0,1
DA:101,1
DA:102,1
DA:105,9
DA:107,9
DA:110,9
FN:110,RWATemplateHook._afterSwap
FNDA:9,RWATemplateHook._afterSwap
DA:116,9
DA:117,9
DA:118,9
DA:121,25
FN:121,RWATemplateHook._validateTemplateConfig
FNDA:25,RWATemplateHook._validateTemplateConfig
DA:122,25
DA:124,25
BRDA:124,5,0,-
DA:125,25
BRDA:125,6,0,-
DA:126,25
BRDA:126,7,0,-
DA:128,25
DA:131,11
FN:131,RWATemplateHook._tickDistance
FNDA:11,RWATemplateHook._tickDistance
DA:132,11
DA:133,11
DA:136,9
FN:136,RWATemplateHook._absSpecified
FNDA:9,RWATemplateHook._absSpecified
DA:137,9
DA:140,8
FN:140,RWATemplateHook._templateId
FNDA:8,RWATemplateHook._templateId
DA:141,8
FNF:10
FNH:10
LF:53
LH:52
BRF:8
BRH:4
end_of_record
TN:
SF:src/hooks/StablecoinTemplateHook.sol
DA:35,32
FN:35,StablecoinTemplateHook.constructor
FNDA:32,StablecoinTemplateHook.constructor
DA:38,31
DA:39,31
DA:40,31
DA:43,276
FN:43,StablecoinTemplateHook.scheduleTemplateConfigUpdate
FNDA:276,StablecoinTemplateHook.scheduleTemplateConfigUpdate
DA:44,274
DA:45,15
DA:48,14
FN:48,StablecoinTemplateHook.applyTemplateConfigUpdate
FNDA:14,StablecoinTemplateHook.applyTemplateConfigUpdate
DA:49,14
DA:50,14
DA:51,14
DA:53,12
DA:54,12
DA:56,12
DA:59,531
FN:59,StablecoinTemplateHook._beforeSwap
FNDA:531,StablecoinTemplateHook._beforeSwap
DA:65,531
DA:67,270
DA:68,270
DA:70,270
DA:72,270
BRDA:72,0,0,1
DA:73,1
BRDA:73,1,0,1
DA:74,1
DA:76,1
DA:79,270
BRDA:79,2,0,4
DA:80,4
DA:83,270
BRDA:83,3,0,3
DA:84,3
BRDA:84,4,0,1
DA:85,1
DA:87,2
DA:88,2
DA:89,2
DA:92,269
BRDA:92,5,0,4
DA:93,4
DA:94,4
DA:97,269
DA:100,269
DA:103,268
FN:103,StablecoinTemplateHook._afterSwap
FNDA:268,StablecoinTemplateHook._afterSwap
DA:109,268
DA:110,268
DA:111,268
DA:114,319
FN:114,StablecoinTemplateHook._validateTemplateConfig
FNDA:319,StablecoinTemplateHook._validateTemplateConfig
DA:115,319
DA:117,319
BRDA:117,6,0,257
DA:118,257
DA:122,62
DA:123,62
DA:124,1
BRDA:124,7,0,1
DA:125,1
DA:128,61
BRDA:128,8,0,1
DA:129,1
DA:132,60
DA:133,60
DA:134,60
DA:137,270
FN:137,StablecoinTemplateHook._feeForDeviation
FNDA:270,StablecoinTemplateHook._feeForDeviation
DA:138,270
BRDA:138,9,0,3
DA:139,3
DA:141,267
BRDA:141,10,0,1
DA:142,1
DA:144,266
DA:147,270
FN:147,StablecoinTemplateHook._absTick
FNDA:270,StablecoinTemplateHook._absTick
DA:148,270
DA:151,2
FN:151,StablecoinTemplateHook._tickDistance
FNDA:2,StablecoinTemplateHook._tickDistance
DA:152,2
DA:155,268
FN:155,StablecoinTemplateHook._absSpecified
FNDA:268,StablecoinTemplateHook._absSpecified
DA:156,268
DA:159,25
FN:159,StablecoinTemplateHook._templateId
FNDA:25,StablecoinTemplateHook._templateId
DA:160,25
FNF:11
FNH:11
LF:67
LH:67
BRF:11
BRH:11
end_of_record
