TN:
SF:src/factory/TemplateFactory.sol
DA:21,1
FN:21,TemplateFactory.mineStablecoinSalt
FNDA:1,TemplateFactory.mineStablecoinSalt
DA:26,1
DA:31,1
FN:31,TemplateFactory.mineRWASalt
FNDA:1,TemplateFactory.mineRWASalt
DA:36,1
DA:41,1
FN:41,TemplateFactory.mineLongTailSalt
FNDA:1,TemplateFactory.mineLongTailSalt
DA:46,1
DA:51,1
FN:51,TemplateFactory.deployStablecoin
FNDA:1,TemplateFactory.deployStablecoin
DA:55,1
DA:56,1
DA:59,1
FN:59,TemplateFactory.deployRWA
FNDA:1,TemplateFactory.deployRWA
DA:63,1
DA:64,1
DA:67,1
FN:67,TemplateFactory.deployLongTail
FNDA:1,TemplateFactory.deployLongTail
DA:71,1
DA:72,1
FNF:6
FNH:6
LF:15
LH:15
BRF:0
BRH:0
end_of_record
TN:
SF:src/framework/BaseTemplateHook.sol
DA:48,15
FN:48,BaseTemplateHook.onlyAdmin
FNDA:15,BaseTemplateHook.onlyAdmin
DA:49,15
BRDA:49,0,0,-
DA:53,935
FN:53,BaseTemplateHook.nonReentrantHook
FNDA:935,BaseTemplateHook.nonReentrantHook
DA:54,935
BRDA:54,1,0,1
DA:55,934
DA:57,663
DA:60,67
FN:60,BaseTemplateHook.constructor
FNDA:67,BaseTemplateHook.constructor
DA:63,66
BRDA:63,2,0,2
DA:64,64
DA:66,64
DA:67,64
DA:70,1
FN:70,BaseTemplateHook.templateId
FNDA:1,BaseTemplateHook.templateId
DA:71,1
DA:74,3
FN:74,BaseTemplateHook.setAdmin
FNDA:3,BaseTemplateHook.setAdmin
DA:75,3
BRDA:75,3,0,2
DA:76,1
DA:79,4
FN:79,BaseTemplateHook.scheduleBaseConfigUpdate
FNDA:4,BaseTemplateHook.scheduleBaseConfigUpdate
DA:80,4
DA:81,4
DA:82,4
DA:85,3
FN:85,BaseTemplateHook.applyBaseConfigUpdate
FNDA:3,BaseTemplateHook.applyBaseConfigUpdate
DA:86,3
DA:87,3
DA:88,3
DA:89,3
DA:90,1
DA:93,1
FN:93,BaseTemplateHook.cancelStagedConfig
FNDA:1,BaseTemplateHook.cancelStagedConfig
DA:100,62
FN:100,BaseTemplateHook.getHookPermissions
FNDA:62,BaseTemplateHook.getHookPermissions
DA:101,62
DA:119,58
FN:119,BaseTemplateHook._afterInitialize
FNDA:58,BaseTemplateHook._afterInitialize
DA:125,58
DA:126,58
BRDA:126,4,0,57
BRDA:126,4,1,1
DA:127,57
DA:128,1
BRDA:128,5,0,1
DA:129,1
DA:132,57
DA:135,457
FN:135,BaseTemplateHook._validateBaseConfig
FNDA:457,BaseTemplateHook._validateBaseConfig
DA:136,457
BRDA:136,6,0,2
DA:137,455
BRDA:137,7,0,2
DA:138,453
BRDA:138,8,0,2
DA:139,451
BRDA:139,9,0,2
DA:142,1593
FN:142,BaseTemplateHook._assertSupportedPool
FNDA:1593,BaseTemplateHook._assertSupportedPool
DA:143,1593
DA:144,1593
DA:145,1593
BRDA:145,10,0,1
DA:146,1
DA:150,932
FN:150,BaseTemplateHook._sharedBeforeSwap
FNDA:932,BaseTemplateHook._sharedBeforeSwap
DA:154,932
DA:155,932
DA:157,931
DA:158,673
DA:161,932
DA:164,661
FN:164,BaseTemplateHook._sharedAfterSwap
FNDA:661,BaseTemplateHook._sharedAfterSwap
DA:165,661
DA:168,277
FN:168,BaseTemplateHook._readCurrentTick
FNDA:277,BaseTemplateHook._readCurrentTick
DA:169,277
DA:172,662
FN:172,BaseTemplateHook._lpFeeOverride
FNDA:662,BaseTemplateHook._lpFeeOverride
DA:173,662
DA:174,662
DA:177,253
FN:177,BaseTemplateHook._emitFeeUpdate
FNDA:253,BaseTemplateHook._emitFeeUpdate
DA:178,253
DA:181,129
FN:181,BaseTemplateHook._emitModeTransition
FNDA:129,BaseTemplateHook._emitModeTransition
DA:182,129
DA:185,7
FN:185,BaseTemplateHook._emitGuard
FNDA:7,BaseTemplateHook._emitGuard
DA:186,7
DA:189,4
FN:189,BaseTemplateHook._stageBaseConfigHash
FNDA:4,BaseTemplateHook._stageBaseConfigHash
DA:190,4
DA:191,4
DA:194,3
FN:194,BaseTemplateHook._consumeStagedBaseConfigHash
FNDA:3,BaseTemplateHook._consumeStagedBaseConfigHash
DA:195,3
BRDA:195,11,0,1
DA:196,1
DA:198,2
BRDA:198,12,0,1
DA:199,1
DA:206,25
FN:206,BaseTemplateHook._stageTemplateConfigHash
FNDA:25,BaseTemplateHook._stageTemplateConfigHash
DA:207,25
DA:208,25
DA:211,24
FN:211,BaseTemplateHook._consumeStagedTemplateConfigHash
FNDA:24,BaseTemplateHook._consumeStagedTemplateConfigHash
DA:212,24
BRDA:212,13,0,1
DA:213,1
DA:215,23
BRDA:215,14,0,1
DA:216,1
DA:223,270
FN:223,BaseTemplateHook._revertGuard
FNDA:270,BaseTemplateHook._revertGuard
DA:224,270
FNF:24
FNH:24
LF:83
LH:83
BRF:16
BRH:15
end_of_record
TN:
SF:src/framework/TemplateGuards.sol
DA:7,931
FN:7,TemplateGuards.abs
FNDA:931,TemplateGuards.abs
DA:8,931
BRDA:8,0,0,2
DA:9,929
DA:12,675
FN:12,TemplateGuards.enforceRateLimit
FNDA:675,TemplateGuards.enforceRateLimit
DA:19,675
BRDA:19,1,0,2
DA:21,673
BRDA:21,2,0,663
DA:22,663
DA:23,663
DA:26,673
BRDA:26,3,0,1
DA:27,1
DA:31,672
DA:35,673
FN:35,TemplateGuards.enforceCooldown
FNDA:673,TemplateGuards.enforceCooldown
DA:41,673
BRDA:41,4,0,672
DA:43,1
BRDA:43,5,0,1
DA:44,1
DA:48,933
FN:48,TemplateGuards.enforceMaxTradeSize
FNDA:933,TemplateGuards.enforceMaxTradeSize
DA:54,933
BRDA:54,6,0,1
DA:55,932
BRDA:55,7,0,259
DA:56,259
DA:60,661
FN:60,TemplateGuards.updateAfterSwap
FNDA:661,TemplateGuards.updateAfterSwap
DA:61,661
DA:62,661
DA:64,661
BRDA:64,8,0,132
BRDA:64,8,1,529
DA:65,132
DA:67,529
DA:68,529
DA:72,12
FN:72,TemplateGuards.currentSecondsOfDay
FNDA:12,TemplateGuards.currentSecondsOfDay
DA:73,12
DA:76,12
FN:76,TemplateGuards.inSession
FNDA:12,TemplateGuards.inSession
DA:77,12
DA:79,12
BRDA:79,9,0,1
DA:80,11
BRDA:80,10,0,10
DA:81,10
DA:85,1
FNF:7
FNH:7
LF:34
LH:34
BRF:12
BRH:12
end_of_record
TN:
SF:src/hooks/LongTailTemplateHook.sol
DA:39,12
FN:39,LongTailTemplateHook.constructor
FNDA:12,LongTailTemplateHook.constructor
DA:42,12
DA:44,12
DA:45,12
DA:46,12
DA:47,12
DA:50,9
FN:50,LongTailTemplateHook.scheduleTemplateConfigUpdate
FNDA:9,LongTailTemplateHook.scheduleTemplateConfigUpdate
DA:51,9
DA:52,9
DA:55,4
FN:55,LongTailTemplateHook.applyTemplateConfigUpdate
FNDA:4,LongTailTemplateHook.applyTemplateConfigUpdate
DA:56,4
DA:57,4
DA:58,4
DA:60,4
DA:61,4
DA:63,4
DA:66,390
FN:66,LongTailTemplateHook._beforeSwap
FNDA:390,LongTailTemplateHook._beforeSwap
DA:72,390
DA:74,390
DA:75,264
BRDA:75,0,0,264
DA:76,264
DA:77,264
BRDA:77,1,0,1
DA:78,1
DA:81,263
BRDA:81,2,0,263
DA:82,263
DA:83,263
DA:84,263
BRDA:84,3,0,1
DA:85,1
DA:89,262
DA:92,388
BRDA:92,4,0,247
DA:93,247
DA:94,247
DA:97,388
DA:100,388
FN:100,LongTailTemplateHook._afterSwap
FNDA:388,LongTailTemplateHook._afterSwap
DA:106,388
DA:107,388
DA:109,388
BRDA:109,5,0,129
DA:110,129
DA:111,129
DA:112,129
BRDA:112,6,0,1
DA:113,1
DA:114,1
DA:118,388
DA:121,25
FN:121,LongTailTemplateHook._validateTemplateConfig
FNDA:25,LongTailTemplateHook._validateTemplateConfig
DA:122,25
DA:124,25
BRDA:124,7,0,1
DA:125,24
BRDA:125,8,0,1
DA:126,23
BRDA:126,9,0,1
DA:127,1
DA:129,22
BRDA:129,10,0,1
DA:130,21
BRDA:130,11,0,1
DA:132,20
DA:133,20
DA:136,262
FN:136,LongTailTemplateHook._shouldTransitionToNormal
FNDA:262,LongTailTemplateHook._shouldTransitionToNormal
DA:137,262
DA:138,262
DA:139,262
DA:142,262
FN:142,LongTailTemplateHook._currentLaunchFee
FNDA:262,LongTailTemplateHook._currentLaunchFee
DA:143,262
DA:144,262
BRDA:144,12,0,128
DA:146,134
DA:147,134
DA:148,134
DA:151,264
FN:151,LongTailTemplateHook._currentLaunchMaxTrade
FNDA:264,LongTailTemplateHook._currentLaunchMaxTrade
DA:152,264
DA:153,264
BRDA:153,13,0,128
DA:155,136
DA:156,136
DA:157,136
DA:160,388
FN:160,LongTailTemplateHook._absSpecified
FNDA:388,LongTailTemplateHook._absSpecified
DA:161,388
DA:164,381
FN:164,LongTailTemplateHook._templateId
FNDA:381,LongTailTemplateHook._templateId
DA:165,381
FNF:11
FNH:11
LF:73
LH:73
BRF:14
BRH:14
end_of_record
TN:
SF:src/hooks/RWATemplateHook.sol
DA:38,14
FN:38,RWATemplateHook.constructor
FNDA:14,RWATemplateHook.constructor
DA:41,14
DA:43,14
DA:44,14
DA:45,14
DA:48,8
FN:48,RWATemplateHook.setAllowlist
FNDA:8,RWATemplateHook.setAllowlist
DA:49,8
DA:50,8
DA:51,8
DA:55,11
FN:55,RWATemplateHook.scheduleTemplateConfigUpdate
FNDA:11,RWATemplateHook.scheduleTemplateConfigUpdate
DA:56,11
DA:57,11
DA:60,6
FN:60,RWATemplateHook.applyTemplateConfigUpdate
FNDA:6,RWATemplateHook.applyTemplateConfigUpdate
DA:61,6
DA:62,6
DA:63,6
DA:65,6
DA:66,6
DA:68,6
DA:71,11
FN:71,RWATemplateHook._beforeSwap
FNDA:11,RWATemplateHook._beforeSwap
DA:77,11
DA:79,11
BRDA:79,0,0,2
DA:80,2
DA:85,9
BRDA:85,1,0,2
DA:86,2
DA:89,7
DA:90,7
BRDA:90,2,0,1
DA:91,1
DA:95,6
DA:96,6
BRDA:96,3,0,1
DA:97,1
DA:100,5
BRDA:100,4,0,1
DA:101,1
DA:102,1
DA:105,5
DA:107,5
DA:110,5
FN:110,RWATemplateHook._afterSwap
FNDA:5,RWATemplateHook._afterSwap
DA:116,5
DA:117,5
DA:118,5
DA:121,31
FN:121,RWATemplateHook._validateTemplateConfig
FNDA:31,RWATemplateHook._validateTemplateConfig
DA:122,31
DA:124,31
BRDA:124,5,0,1
DA:125,30
BRDA:125,6,0,2
DA:126,28
BRDA:126,7,0,2
DA:128,26
DA:131,8
FN:131,RWATemplateHook._tickDistance
FNDA:8,RWATemplateHook._tickDistance
DA:132,8
DA:133,8
DA:136,5
FN:136,RWATemplateHook._absSpecified
FNDA:5,RWATemplateHook._absSpecified
DA:137,5
DA:140,7
FN:140,RWATemplateHook._templateId
FNDA:7,RWATemplateHook._templateId
DA:141,7
FNF:10
FNH:10
LF:53
LH:53
BRF:8
BRH:8
end_of_record
TN:
SF:src/hooks/StablecoinTemplateHook.sol
DA:35,36
FN:35,StablecoinTemplateHook.constructor
FNDA:36,StablecoinTemplateHook.constructor
DA:38,34
DA:39,34
DA:40,36
DA:43,278
FN:43,StablecoinTemplateHook.scheduleTemplateConfigUpdate
FNDA:278,StablecoinTemplateHook.scheduleTemplateConfigUpdate
DA:44,278
DA:45,278
DA:48,14
FN:48,StablecoinTemplateHook.applyTemplateConfigUpdate
FNDA:14,StablecoinTemplateHook.applyTemplateConfigUpdate
DA:49,14
DA:50,14
DA:51,14
DA:53,12
DA:54,14
DA:56,12
DA:59,531
FN:59,StablecoinTemplateHook._beforeSwap
FNDA:531,StablecoinTemplateHook._beforeSwap
DA:65,531
DA:67,270
DA:68,270
DA:70,270
DA:72,270
BRDA:72,0,0,1
DA:73,1
BRDA:73,1,0,1
DA:74,1
DA:76,1
DA:79,270
BRDA:79,2,0,4
DA:80,4
DA:83,270
BRDA:83,3,0,3
DA:84,3
BRDA:84,4,0,1
DA:85,1
DA:87,2
DA:88,2
DA:89,2
DA:92,269
BRDA:92,5,0,4
DA:93,4
DA:94,4
DA:97,269
DA:100,269
DA:103,268
FN:103,StablecoinTemplateHook._afterSwap
FNDA:268,StablecoinTemplateHook._afterSwap
DA:109,268
DA:110,268
DA:111,268
DA:114,326
FN:114,StablecoinTemplateHook._validateTemplateConfig
FNDA:326,StablecoinTemplateHook._validateTemplateConfig
DA:115,326
DA:117,322
BRDA:117,6,0,257
DA:118,257
DA:122,65
DA:123,65
DA:124,1
BRDA:124,7,0,1
DA:125,1
DA:128,64
BRDA:128,8,0,1
DA:129,1
DA:132,63
DA:133,63
DA:134,63
DA:137,270
FN:137,StablecoinTemplateHook._feeForDeviation
FNDA:270,StablecoinTemplateHook._feeForDeviation
DA:138,270
BRDA:138,9,0,3
DA:139,3
DA:141,267
BRDA:141,10,0,1
DA:142,1
DA:144,266
DA:147,270
FN:147,StablecoinTemplateHook._absTick
FNDA:270,StablecoinTemplateHook._absTick
DA:148,270
DA:151,2
FN:151,StablecoinTemplateHook._tickDistance
FNDA:2,StablecoinTemplateHook._tickDistance
DA:152,2
DA:155,268
FN:155,StablecoinTemplateHook._absSpecified
FNDA:268,StablecoinTemplateHook._absSpecified
DA:156,268
DA:159,25
FN:159,StablecoinTemplateHook._templateId
FNDA:25,StablecoinTemplateHook._templateId
DA:160,25
FNF:11
FNH:11
LF:67
LH:67
BRF:11
BRH:11
end_of_record
TN:
SF:test/BaseTemplateTest.t.sol
DA:45,56
FN:45,BaseTemplateTest._bootstrapCore
FNDA:56,BaseTemplateTest._bootstrapCore
DA:46,56
DA:47,56
DA:48,56
DA:49,56
DA:51,56
DA:52,56
DA:54,56
BRDA:54,0,0,1
DA:55,1
DA:56,1
DA:59,56
DA:60,56
DA:62,56
DA:63,56
DA:65,56
DA:66,56
DA:67,56
DA:68,56
DA:71,1
FN:71,BaseTemplateTest._setForceBootstrapSwap
FNDA:1,BaseTemplateTest._setForceBootstrapSwap
DA:72,1
DA:75,56
FN:75,BaseTemplateTest._initializePool
FNDA:56,BaseTemplateTest._initializePool
DA:76,56
DA:80,56
DA:82,56
BRDA:82,1,0,55
DA:83,55
DA:95,56
DA:98,67
FN:98,BaseTemplateTest._mintAndApprove
FNDA:67,BaseTemplateTest._mintAndApprove
DA:99,67
DA:100,67
DA:102,67
DA:103,67
DA:104,67
DA:105,67
DA:108,925
FN:108,BaseTemplateTest._swapExactIn
FNDA:925,BaseTemplateTest._swapExactIn
DA:112,925
DA:113,925
DA:123,925
DA:126,2
FN:126,BaseTemplateTest._swapExactOut
FNDA:2,BaseTemplateTest._swapExactOut
DA:130,2
DA:131,2
DA:141,2
FNF:6
FNH:6
LF:41
LH:41
BRF:2
BRH:2
end_of_record
TN:
SF:test/FrameworkCoverage.t.sol
DA:24,0
FN:24,BaseTemplateHookHarness.validateHookAddress
FNDA:0,BaseTemplateHookHarness.validateHookAddress
DA:26,2
FN:26,BaseTemplateHookHarness.triggerReentrant
FNDA:2,BaseTemplateHookHarness.triggerReentrant
DA:27,1
BRDA:27,0,0,1
DA:28,1
DA:32,4
FN:32,BaseTemplateHookHarness.validateBaseConfig
FNDA:4,BaseTemplateHookHarness.validateBaseConfig
DA:33,4
DA:36,0
FN:36,BaseTemplateHookHarness._beforeSwap
FNDA:0,BaseTemplateHookHarness._beforeSwap
DA:42,0
DA:45,0
FN:45,BaseTemplateHookHarness._afterSwap
FNDA:0,BaseTemplateHookHarness._afterSwap
DA:51,0
DA:54,0
FN:54,BaseTemplateHookHarness._templateId
FNDA:0,BaseTemplateHookHarness._templateId
DA:55,0
DA:62,2
FN:62,TemplateGuardsHarness.enforceRateLimit
FNDA:2,TemplateGuardsHarness.enforceRateLimit
DA:63,2
DA:66,1
FN:66,TemplateGuardsHarness.enforceCooldown
FNDA:1,TemplateGuardsHarness.enforceCooldown
DA:67,1
DA:70,2
FN:70,TemplateGuardsHarness.enforceMaxTradeSize
FNDA:2,TemplateGuardsHarness.enforceMaxTradeSize
DA:71,2
DA:74,1
FN:74,TemplateGuardsHarness.inSession
FNDA:1,TemplateGuardsHarness.inSession
DA:75,1
DA:78,1
FN:78,TemplateGuardsHarness.setLastSwapTimestamp
FNDA:1,TemplateGuardsHarness.setLastSwapTimestamp
DA:79,1
DA:82,1
FN:82,TemplateGuardsHarness._revert
FNDA:1,TemplateGuardsHarness._revert
DA:83,1
FNF:12
FNH:8
LF:24
LH:17
BRF:1
BRH:1
end_of_record
TN:
SF:test/TemplateDeployers.sol
DA:21,373
FN:21,TemplateDeployers.defaultBaseConfig
FNDA:373,TemplateDeployers.defaultBaseConfig
DA:22,373
DA:31,318
FN:31,TemplateDeployers.defaultStablecoinConfig
FNDA:318,TemplateDeployers.defaultStablecoinConfig
DA:32,318
DA:45,25
FN:45,TemplateDeployers.defaultRWAConfig
FNDA:25,TemplateDeployers.defaultRWAConfig
DA:46,25
DA:57,21
FN:57,TemplateDeployers.defaultLongTailConfig
FNDA:21,TemplateDeployers.defaultLongTailConfig
DA:58,21
DA:71,31
FN:71,TemplateDeployers.deployStablecoin
FNDA:31,TemplateDeployers.deployStablecoin
DA:75,31
DA:76,31
DA:77,31
DA:79,31
DA:82,13
FN:82,TemplateDeployers.deployRWA
FNDA:13,TemplateDeployers.deployRWA
DA:83,13
DA:84,13
DA:85,13
DA:86,13
DA:89,11
FN:89,TemplateDeployers.deployLongTail
FNDA:11,TemplateDeployers.deployLongTail
DA:93,11
DA:94,11
DA:95,11
DA:97,11
FNF:7
FNH:7
LF:23
LH:23
BRF:0
BRH:0
end_of_record
